22-feb-2011 22:54:07 org.apache.catalina.core.AprLifecycleListener init
INFO: The APR based Apache Tomcat Native library which allows optimal performance in production environments was not found on the java.library.path: C:\Program Files\Java\jdk1.6.0_24\bin;.;C:\WINDOWS\Sun\Java\bin;C:\WINDOWS\system32;C:\WINDOWS;C:\Program Files\redshark\;C:\WINDOWS\system32;C:\WINDOWS;C:\WINDOWS\System32\Wbem;C:\Program Files\ATI Technologies\ATI Control Panel;C:\Program Files\TortoiseSVN\bin;C:\Program Files\MATLAB\R2007b\bin;C:\Program Files\MATLAB\R2007b\bin\win32;C:\Program Files\QuickTime\QTSystem\;c:\program files\quartus\bin;C:\Program Files\FLIP 2.4.6\bin;;C:\XDS\BIN
22-feb-2011 22:54:10 org.apache.coyote.AbstractProtocolHandler init
INFO: Initializing ProtocolHandler ["http-bio-80"]
22-feb-2011 22:54:11 org.apache.coyote.AbstractProtocolHandler init
INFO: Initializing ProtocolHandler ["ajp-bio-8009"]
22-feb-2011 22:54:11 org.apache.catalina.startup.Catalina load
INFO: Initialization processed in 7189 ms
22-feb-2011 22:54:12 org.apache.catalina.core.StandardService startInternal
INFO: Starting service Catalina
22-feb-2011 22:54:12 org.apache.catalina.core.StandardEngine startInternal
INFO: Starting Servlet Engine: Apache Tomcat/7.0.8
22-feb-2011 22:54:12 org.apache.catalina.startup.HostConfig deployWAR
INFO: Deploying web application archive MyFirstServlet.war
22-feb-2011 22:54:16 org.apache.catalina.startup.HostConfig deployDirectory
INFO: Deploying web application directory docs
22-feb-2011 22:54:16 org.apache.catalina.startup.HostConfig deployDirectory
INFO: Deploying web application directory examples
22-feb-2011 22:54:19 org.apache.catalina.startup.HostConfig deployDirectory
INFO: Deploying web application directory host-manager
22-feb-2011 22:54:19 org.apache.catalina.startup.HostConfig deployDirectory
INFO: Deploying web application directory manager
22-feb-2011 22:54:19 org.apache.catalina.startup.HostConfig deployDirectory
INFO: Deploying web application directory ROOT
22-feb-2011 22:54:19 org.apache.coyote.AbstractProtocolHandler start
INFO: Starting ProtocolHandler ["http-bio-80"]
22-feb-2011 22:54:19 org.apache.coyote.AbstractProtocolHandler start
INFO: Starting ProtocolHandler ["ajp-bio-8009"]
22-feb-2011 22:54:19 org.apache.catalina.startup.Catalina start
INFO: Server startup in 7849 ms
22-feb-2011 22:55:19 org.apache.catalina.core.StandardServer await
INFO: A valid shutdown command was received via the shutdown port. Stopping the Server instance.
22-feb-2011 22:55:19 org.apache.coyote.AbstractProtocolHandler pause
INFO: Pausing ProtocolHandler ["http-bio-80"]
22-feb-2011 22:55:20 org.apache.coyote.AbstractProtocolHandler pause
INFO: Pausing ProtocolHandler ["ajp-bio-8009"]
22-feb-2011 22:55:21 org.apache.catalina.core.StandardService stopInternal
INFO: Stopping service Catalina
22-feb-2011 22:55:24 org.apache.coyote.AbstractProtocolHandler stop
INFO: Stopping ProtocolHandler ["http-bio-80"]
22-feb-2011 22:55:24 org.apache.coyote.AbstractProtocolHandler stop
INFO: Stopping ProtocolHandler ["ajp-bio-8009"]
22-feb-2011 22:55:34 org.apache.catalina.core.AprLifecycleListener init
INFO: The APR based Apache Tomcat Native library which allows optimal performance in production environments was not found on the java.library.path: C:\Program Files\Java\jdk1.6.0_24\bin;.;C:\WINDOWS\Sun\Java\bin;C:\WINDOWS\system32;C:\WINDOWS;C:\Program Files\redshark\;C:\WINDOWS\system32;C:\WINDOWS;C:\WINDOWS\System32\Wbem;C:\Program Files\ATI Technologies\ATI Control Panel;C:\Program Files\TortoiseSVN\bin;C:\Program Files\MATLAB\R2007b\bin;C:\Program Files\MATLAB\R2007b\bin\win32;C:\Program Files\QuickTime\QTSystem\;c:\program files\quartus\bin;C:\Program Files\FLIP 2.4.6\bin;;C:\XDS\BIN
22-feb-2011 22:55:35 org.apache.coyote.AbstractProtocolHandler init
INFO: Initializing ProtocolHandler ["http-bio-80"]
22-feb-2011 22:55:35 org.apache.coyote.AbstractProtocolHandler init
INFO: Initializing ProtocolHandler ["ajp-bio-8009"]
22-feb-2011 22:55:35 org.apache.catalina.startup.Catalina load
INFO: Initialization processed in 1874 ms
22-feb-2011 22:55:35 org.apache.catalina.core.StandardService startInternal
INFO: Starting service Catalina
22-feb-2011 22:55:35 org.apache.catalina.core.StandardEngine startInternal
INFO: Starting Servlet Engine: Apache Tomcat/7.0.8
22-feb-2011 22:55:35 org.apache.catalina.startup.HostConfig deployWAR
INFO: Deploying web application archive MyFirstServlet.war
22-feb-2011 22:55:36 org.apache.catalina.startup.HostConfig deployDirectory
INFO: Deploying web application directory docs
22-feb-2011 22:55:36 org.apache.catalina.startup.HostConfig deployDirectory
INFO: Deploying web application directory examples
22-feb-2011 22:55:37 org.apache.catalina.startup.HostConfig deployDirectory
INFO: Deploying web application directory host-manager
22-feb-2011 22:55:37 org.apache.catalina.startup.HostConfig deployDirectory
INFO: Deploying web application directory manager
22-feb-2011 22:55:37 org.apache.catalina.startup.HostConfig deployDirectory
INFO: Deploying web application directory ROOT
22-feb-2011 22:55:37 org.apache.coyote.AbstractProtocolHandler start
INFO: Starting ProtocolHandler ["http-bio-80"]
22-feb-2011 22:55:37 org.apache.coyote.AbstractProtocolHandler start
INFO: Starting ProtocolHandler ["ajp-bio-8009"]
22-feb-2011 22:55:37 org.apache.catalina.startup.Catalina start
INFO: Server startup in 2111 ms
22-feb-2011 22:56:50 org.apache.catalina.core.StandardServer await
INFO: A valid shutdown command was received via the shutdown port. Stopping the Server instance.
22-feb-2011 22:56:50 org.apache.coyote.AbstractProtocolHandler pause
INFO: Pausing ProtocolHandler ["http-bio-80"]
22-feb-2011 22:56:51 org.apache.coyote.AbstractProtocolHandler pause
INFO: Pausing ProtocolHandler ["ajp-bio-8009"]
22-feb-2011 22:56:52 org.apache.catalina.core.StandardService stopInternal
INFO: Stopping service Catalina
22-feb-2011 22:56:55 org.apache.coyote.AbstractProtocolHandler stop
INFO: Stopping ProtocolHandler ["http-bio-80"]
22-feb-2011 22:56:55 org.apache.coyote.AbstractProtocolHandler stop
INFO: Stopping ProtocolHandler ["ajp-bio-8009"]
22-feb-2011 23:00:06 org.apache.catalina.core.AprLifecycleListener init
INFO: The APR based Apache Tomcat Native library which allows optimal performance in production environments was not found on the java.library.path: C:\java\jdk1.6.0_24\bin;.;C:\WINDOWS\Sun\Java\bin;C:\WINDOWS\system32;C:\WINDOWS;C:\Program Files\redshark\;C:\WINDOWS\system32;C:\WINDOWS;C:\WINDOWS\System32\Wbem;C:\Program Files\ATI Technologies\ATI Control Panel;C:\Program Files\TortoiseSVN\bin;C:\Program Files\MATLAB\R2007b\bin;C:\Program Files\MATLAB\R2007b\bin\win32;C:\Program Files\QuickTime\QTSystem\;c:\program files\quartus\bin;C:\Program Files\FLIP 2.4.6\bin;;C:\XDS\BIN
22-feb-2011 23:00:07 org.apache.coyote.AbstractProtocolHandler init
INFO: Initializing ProtocolHandler ["http-bio-80"]
22-feb-2011 23:00:07 org.apache.coyote.AbstractProtocolHandler init
INFO: Initializing ProtocolHandler ["ajp-bio-8009"]
22-feb-2011 23:00:07 org.apache.catalina.startup.Catalina load
INFO: Initialization processed in 739 ms
22-feb-2011 23:00:07 org.apache.catalina.core.StandardService startInternal
INFO: Starting service Catalina
22-feb-2011 23:00:07 org.apache.catalina.core.StandardEngine startInternal
INFO: Starting Servlet Engine: Apache Tomcat/7.0.8
22-feb-2011 23:00:07 org.apache.catalina.startup.HostConfig deployWAR
INFO: Deploying web application archive MyFirstServlet.war
22-feb-2011 23:00:07 org.apache.catalina.startup.HostConfig deployDirectory
INFO: Deploying web application directory docs
22-feb-2011 23:00:07 org.apache.catalina.startup.HostConfig deployDirectory
INFO: Deploying web application directory examples
22-feb-2011 23:00:08 org.apache.catalina.startup.HostConfig deployDirectory
INFO: Deploying web application directory host-manager
22-feb-2011 23:00:08 org.apache.catalina.startup.HostConfig deployDirectory
INFO: Deploying web application directory manager
22-feb-2011 23:00:08 org.apache.catalina.startup.HostConfig deployDirectory
INFO: Deploying web application directory ROOT
22-feb-2011 23:00:08 org.apache.coyote.AbstractProtocolHandler start
INFO: Starting ProtocolHandler ["http-bio-80"]
22-feb-2011 23:00:08 org.apache.coyote.AbstractProtocolHandler start
INFO: Starting ProtocolHandler ["ajp-bio-8009"]
22-feb-2011 23:00:08 org.apache.catalina.startup.Catalina start
INFO: Server startup in 850 ms
22-feb-2011 23:06:07 org.apache.coyote.AbstractProtocolHandler pause
INFO: Pausing ProtocolHandler ["http-bio-80"]
22-feb-2011 23:06:08 org.apache.coyote.AbstractProtocolHandler pause
INFO: Pausing ProtocolHandler ["ajp-bio-8009"]
22-feb-2011 23:06:09 org.apache.catalina.core.StandardService stopInternal
INFO: Stopping service Catalina
22-feb-2011 23:06:12 org.apache.coyote.AbstractProtocolHandler stop
INFO: Stopping ProtocolHandler ["http-bio-80"]
22-feb-2011 23:06:12 org.apache.coyote.AbstractProtocolHandler stop
INFO: Stopping ProtocolHandler ["ajp-bio-8009"]
