22-feb-2011 22:54:18 org.apache.catalina.core.ApplicationContext log
INFO: ContextListener: contextInitialized()
22-feb-2011 22:54:18 org.apache.catalina.core.ApplicationContext log
INFO: SessionListener: contextInitialized()
22-feb-2011 22:55:23 org.apache.catalina.core.ApplicationContext log
INFO: SessionListener: contextDestroyed()
22-feb-2011 22:55:23 org.apache.catalina.core.ApplicationContext log
INFO: ContextListener: contextDestroyed()
22-feb-2011 22:55:37 org.apache.catalina.core.ApplicationContext log
INFO: ContextListener: contextInitialized()
22-feb-2011 22:55:37 org.apache.catalina.core.ApplicationContext log
INFO: SessionListener: contextInitialized()
22-feb-2011 22:56:53 org.apache.catalina.core.ApplicationContext log
INFO: SessionListener: contextDestroyed()
22-feb-2011 22:56:53 org.apache.catalina.core.ApplicationContext log
INFO: ContextListener: contextDestroyed()
22-feb-2011 23:00:08 org.apache.catalina.core.ApplicationContext log
INFO: ContextListener: contextInitialized()
22-feb-2011 23:00:08 org.apache.catalina.core.ApplicationContext log
INFO: SessionListener: contextInitialized()
22-feb-2011 23:06:11 org.apache.catalina.core.ApplicationContext log
INFO: SessionListener: contextDestroyed()
22-feb-2011 23:06:11 org.apache.catalina.core.ApplicationContext log
INFO: ContextListener: contextDestroyed()
