\BOOKMARK [1][-]{section.1}{Compositie}{}% 1
\BOOKMARK [2][-]{subsection.1.1}{Design concerns}{section.1}% 2
\BOOKMARK [2][-]{subsection.1.2}{Deployment Diagram}{section.1}% 3
\BOOKMARK [1][-]{section.2}{Interfaces}{}% 4
\BOOKMARK [2][-]{subsection.2.1}{Design concerns, algemeen}{section.2}% 5
\BOOKMARK [2][-]{subsection.2.2}{Interface: XHTML - CSS voor Layout}{section.2}% 6
\BOOKMARK [2][-]{subsection.2.3}{Interface: XHTML - Javascript voor tabbladen}{section.2}% 7
\BOOKMARK [2][-]{subsection.2.4}{Interface: Javascript - CSS voor tabbladen}{section.2}% 8
\BOOKMARK [2][-]{subsection.2.5}{Interface: XHTML – JavaInterface voor HTMLDatatable}{section.2}% 9
\BOOKMARK [2][-]{subsection.2.6}{Interface: Browser - Server: HTTP}{section.2}% 10
\BOOKMARK [2][-]{subsection.2.7}{Interface: Database interface}{section.2}% 11
\BOOKMARK [2][-]{subsection.2.8}{Interface: XML interface}{section.2}% 12
\BOOKMARK [1][-]{section.3}{Logical}{}% 13
\BOOKMARK [2][-]{subsection.3.1}{Design concerns}{section.3}% 14
\BOOKMARK [2][-]{subsection.3.2}{Elementen}{section.3}% 15
\BOOKMARK [1][-]{section.4}{Website/Server Communicatie}{}% 16
\BOOKMARK [2][-]{subsection.4.1}{Beknopte achtergrond informatie}{section.4}% 17
\BOOKMARK [2][-]{subsection.4.2}{Inplementatie en Communicatie}{section.4}% 18
\BOOKMARK [1][-]{section.5}{Session Tracking}{}% 19
\BOOKMARK [2][-]{subsection.5.1}{Overzicht}{section.5}% 20
\BOOKMARK [1][-]{section.6}{Language Resolving}{}% 21
\BOOKMARK [2][-]{subsection.6.1}{Overzicht}{section.6}% 22
\BOOKMARK [1][-]{section.7}{Algoritme voor kalenderplanning}{}% 23
\BOOKMARK [2][-]{subsection.7.1}{Inleiding}{section.7}% 24
\BOOKMARK [2][-]{subsection.7.2}{Overzicht van de klasse SemesterScheduler}{section.7}% 25
\BOOKMARK [2][-]{subsection.7.3}{De solver \(methode solve\(\) \)}{section.7}% 26
\BOOKMARK [2][-]{subsection.7.4}{Het backtrackingalgoritme per week \(methode makeWeekSchedule\)}{section.7}% 27
\BOOKMARK [2][-]{subsection.7.5}{Het aanmaken van Calendarfile \(getCalendar\(\) \)}{section.7}% 28
