\BOOKMARK [1][-]{section.1}{Compositie}{}% 1
\BOOKMARK [2][-]{subsection.1.1}{Design concerns}{section.1}% 2
\BOOKMARK [2][-]{subsection.1.2}{Deployment Diagram}{section.1}% 3
\BOOKMARK [1][-]{section.2}{Interfaces}{}% 4
\BOOKMARK [2][-]{subsection.2.1}{Design concerns, algemeen}{section.2}% 5
\BOOKMARK [2][-]{subsection.2.2}{Interface: XHTML - CSS voor Layout}{section.2}% 6
\BOOKMARK [2][-]{subsection.2.3}{Interface: XHTML - Javascript voor tabbladen}{section.2}% 7
\BOOKMARK [2][-]{subsection.2.4}{Interface: Javascript - CSS voor tabbladen}{section.2}% 8
\BOOKMARK [2][-]{subsection.2.5}{Interface: Browser - Server: HTTP}{section.2}% 9
\BOOKMARK [2][-]{subsection.2.6}{Interface: Database interface}{section.2}% 10
\BOOKMARK [2][-]{subsection.2.7}{Interface: XML interface}{section.2}% 11
\BOOKMARK [1][-]{section.3}{Logical}{}% 12
\BOOKMARK [2][-]{subsection.3.1}{Design concerns}{section.3}% 13
\BOOKMARK [2][-]{subsection.3.2}{Elementen}{section.3}% 14
\BOOKMARK [1][-]{section.4}{Website/Server Communicatie}{}% 15
\BOOKMARK [2][-]{subsection.4.1}{Beknopte achtergrond informatie}{section.4}% 16
\BOOKMARK [2][-]{subsection.4.2}{Inplementatie en Communicatie}{section.4}% 17
\BOOKMARK [1][-]{section.5}{Algoritme voor kalenderplanning}{}% 18
\BOOKMARK [2][-]{subsection.5.1}{Inleiding}{section.5}% 19
\BOOKMARK [2][-]{subsection.5.2}{Overzicht van de klasse SemesterScheduler}{section.5}% 20
\BOOKMARK [2][-]{subsection.5.3}{De solver \(methode solve\(\) \)}{section.5}% 21
\BOOKMARK [2][-]{subsection.5.4}{Het backtrackingalgoritme per week \(methode makeWeekSchedule\)}{section.5}% 22
\BOOKMARK [2][-]{subsection.5.5}{Het aanmaken van Calendarfile \(getCalendar\(\) \)}{section.5}% 23
