\BOOKMARK [1][-]{section.1}{Overzicht}{}% 1
\BOOKMARK [2][-]{subsection.1.1}{Samenvatting van het project}{section.1}% 2
\BOOKMARK [3][-]{subsubsection.1.1.1}{Doel, bedoeling en objectieven}{subsection.1.1}% 3
\BOOKMARK [3][-]{subsubsection.1.1.2}{Veronderstellingen en beperkingen}{subsection.1.1}% 4
\BOOKMARK [3][-]{subsubsection.1.1.3}{Deliverables van het Project}{subsection.1.1}% 5
\BOOKMARK [3][-]{subsubsection.1.1.4}{Planning en Budget}{subsection.1.1}% 6
\BOOKMARK [2][-]{subsection.1.2}{Evolution of the plan}{section.1}% 7
\BOOKMARK [1][-]{section.2}{Verwijzingen}{}% 8
\BOOKMARK [1][-]{section.3}{Organisatie van het Project}{}% 9
\BOOKMARK [2][-]{subsection.3.1}{Interne structuur}{section.3}% 10
\BOOKMARK [2][-]{subsection.3.2}{Rollen en verantwoordelijkheden}{section.3}% 11
\BOOKMARK [1][-]{section.4}{Bestuurlijke proces plannen}{}% 12
\BOOKMARK [2][-]{subsection.4.1}{Start-up plan}{section.4}% 13
\BOOKMARK [3][-]{subsubsection.4.1.1}{Schattingsplan}{subsection.4.1}% 14
\BOOKMARK [3][-]{subsubsection.4.1.2}{Personeelsplan}{subsection.4.1}% 15
\BOOKMARK [3][-]{subsubsection.4.1.3}{Plan voor het bekomen van middelen}{subsection.4.1}% 16
\BOOKMARK [3][-]{subsubsection.4.1.4}{Personeelstrainingsplan}{subsection.4.1}% 17
\BOOKMARK [2][-]{subsection.4.2}{Werkplan}{section.4}% 18
\BOOKMARK [3][-]{subsubsection.4.2.1}{Werkactiviteiten}{subsection.4.2}% 19
\BOOKMARK [2][-]{subsection.4.3}{Controle plannen}{section.4}% 20
\BOOKMARK [3][-]{subsubsection.4.3.1}{Plan voor controle van de eisen}{subsection.4.3}% 21
\BOOKMARK [3][-]{subsubsection.4.3.2}{Plannigscontroleplan}{subsection.4.3}% 22
\BOOKMARK [3][-]{subsubsection.4.3.3}{Kwaliteitscontroleplan}{subsection.4.3}% 23
\BOOKMARK [3][-]{subsubsection.4.3.4}{Rapporteringsplan}{subsection.4.3}% 24
\BOOKMARK [1][-]{section.5}{Technische plannen}{}% 25
\BOOKMARK [2][-]{subsection.5.1}{Proces model}{section.5}% 26
\BOOKMARK [2][-]{subsection.5.2}{Methode hulpmiddelen en technieken}{section.5}% 27
\BOOKMARK [2][-]{subsection.5.3}{Productaanvaarding plan}{section.5}% 28
\BOOKMARK [1][-]{section.6}{Ondersteunende processplannen}{}% 29
\BOOKMARK [2][-]{subsection.6.1}{Configuration management plan}{section.6}% 30
\BOOKMARK [2][-]{subsection.6.2}{Verificatie en validatieplan}{section.6}% 31
\BOOKMARK [2][-]{subsection.6.3}{Documentatieplan}{section.6}% 32
\BOOKMARK [1][-]{section.7}{Bijlagen}{}% 33
\BOOKMARK [2][-]{subsection.7.1}{Oorspronkelijke opdracht}{section.7}% 34
\BOOKMARK [2][-]{subsection.7.2}{Minutes van de vergaderingen}{section.7}% 35
\BOOKMARK [3][-]{subsubsection.7.2.1}{Vergadering van 22-2-2010}{subsection.7.2}% 36
\BOOKMARK [3][-]{subsubsection.7.2.2}{Vergadering van 23-2-2010}{subsection.7.2}% 37
\BOOKMARK [3][-]{subsubsection.7.2.3}{Vergadering van 24-2-2011}{subsection.7.2}% 38
\BOOKMARK [3][-]{subsubsection.7.2.4}{Vergadering van 1-3-2011}{subsection.7.2}% 39
\BOOKMARK [3][-]{subsubsection.7.2.5}{Vergadering van 8-3-2011}{subsection.7.2}% 40
\BOOKMARK [3][-]{subsubsection.7.2.6}{Vergadering van 22-3-2011}{subsection.7.2}% 41
