23-mrt-2011 22:39:16 org.apache.catalina.core.AprLifecycleListener init
INFO: The APR based Apache Tomcat Native library which allows optimal performance in production environments was not found on the java.library.path: C:\java\jdk1.6.0_24\bin;.;C:\WINDOWS\Sun\Java\bin;C:\WINDOWS\system32;C:\WINDOWS;C:\Program Files\redshark\;C:\WINDOWS\system32;C:\WINDOWS;C:\WINDOWS\System32\Wbem;C:\Program Files\ATI Technologies\ATI Control Panel;C:\Program Files\TortoiseSVN\bin;C:\Program Files\MATLAB\R2007b\bin;C:\Program Files\MATLAB\R2007b\bin\win32;C:\Program Files\QuickTime\QTSystem\;c:\program files\quartus\bin;C:\Program Files\FLIP 2.4.6\bin;;C:\XDS\BIN
23-mrt-2011 22:39:20 org.apache.coyote.AbstractProtocolHandler init
INFO: Initializing ProtocolHandler ["http-bio-80"]
23-mrt-2011 22:39:20 org.apache.coyote.AbstractProtocolHandler init
INFO: Initializing ProtocolHandler ["ajp-bio-8009"]
23-mrt-2011 22:39:20 org.apache.catalina.startup.Catalina load
INFO: Initialization processed in 7627 ms
23-mrt-2011 22:39:21 org.apache.catalina.core.StandardService startInternal
INFO: Starting service Catalina
23-mrt-2011 22:39:21 org.apache.catalina.core.StandardEngine startInternal
INFO: Starting Servlet Engine: Apache Tomcat/7.0.8
23-mrt-2011 22:39:21 org.apache.catalina.startup.HostConfig deployWAR
INFO: Deploying web application archive SGWebsite.war
23-mrt-2011 22:39:27 org.apache.catalina.startup.HostConfig deployDirectory
INFO: Deploying web application directory docs
23-mrt-2011 22:39:27 org.apache.catalina.startup.HostConfig deployDirectory
INFO: Deploying web application directory examples
23-mrt-2011 22:39:28 org.apache.catalina.startup.HostConfig deployDirectory
INFO: Deploying web application directory host-manager
23-mrt-2011 22:39:28 org.apache.catalina.startup.HostConfig deployDirectory
INFO: Deploying web application directory manager
23-mrt-2011 22:39:29 org.apache.catalina.startup.HostConfig deployDirectory
INFO: Deploying web application directory ROOT
23-mrt-2011 22:39:29 org.apache.coyote.AbstractProtocolHandler start
INFO: Starting ProtocolHandler ["http-bio-80"]
23-mrt-2011 22:39:29 org.apache.coyote.AbstractProtocolHandler start
INFO: Starting ProtocolHandler ["ajp-bio-8009"]
23-mrt-2011 22:39:29 org.apache.catalina.startup.Catalina start
INFO: Server startup in 8285 ms
23-mrt-2011 22:43:02 org.apache.catalina.core.StandardServer await
INFO: A valid shutdown command was received via the shutdown port. Stopping the Server instance.
23-mrt-2011 22:43:02 org.apache.coyote.AbstractProtocolHandler pause
INFO: Pausing ProtocolHandler ["http-bio-80"]
23-mrt-2011 22:43:03 org.apache.coyote.AbstractProtocolHandler pause
INFO: Pausing ProtocolHandler ["ajp-bio-8009"]
23-mrt-2011 22:43:04 org.apache.catalina.core.StandardService stopInternal
INFO: Stopping service Catalina
23-mrt-2011 22:43:07 org.apache.catalina.loader.WebappClassLoader clearReferencesThreads
SEVERE: The web application [/SGWebsite] appears to have started a thread named [Thread-9] but has failed to stop it. This is very likely to create a memory leak.
23-mrt-2011 22:43:07 org.apache.coyote.AbstractProtocolHandler stop
INFO: Stopping ProtocolHandler ["http-bio-80"]
23-mrt-2011 22:43:07 org.apache.coyote.AbstractProtocolHandler stop
INFO: Stopping ProtocolHandler ["ajp-bio-8009"]
