30-mrt-2011 8:34:50 org.apache.catalina.core.AprLifecycleListener init
INFO: The APR based Apache Tomcat Native library which allows optimal performance in production environments was not found on the java.library.path: C:\java\jdk1.6.0_24\bin;.;C:\WINDOWS\Sun\Java\bin;C:\WINDOWS\system32;C:\WINDOWS;C:\Program Files\MiKTeX 2.9\miktex\bin;C:\Program Files\redshark\;C:\WINDOWS\system32;C:\WINDOWS;C:\WINDOWS\System32\Wbem;C:\Program Files\ATI Technologies\ATI Control Panel;C:\Program Files\TortoiseSVN\bin;C:\Program Files\MATLAB\R2007b\bin;C:\Program Files\MATLAB\R2007b\bin\win32;C:\Program Files\QuickTime\QTSystem\;c:\program files\quartus\bin;C:\Program Files\FLIP 2.4.6\bin;;C:\XDS\BIN
30-mrt-2011 8:34:59 org.apache.coyote.AbstractProtocolHandler init
INFO: Initializing ProtocolHandler ["http-bio-80"]
30-mrt-2011 8:35:00 org.apache.coyote.AbstractProtocolHandler init
INFO: Initializing ProtocolHandler ["ajp-bio-8009"]
30-mrt-2011 8:35:00 org.apache.catalina.startup.Catalina load
INFO: Initialization processed in 12676 ms
30-mrt-2011 8:35:01 org.apache.catalina.core.StandardService startInternal
INFO: Starting service Catalina
30-mrt-2011 8:35:01 org.apache.catalina.core.StandardEngine startInternal
INFO: Starting Servlet Engine: Apache Tomcat/7.0.8
30-mrt-2011 8:35:01 org.apache.catalina.startup.HostConfig deployWAR
INFO: Deploying web application archive SGWebsite.war
30-mrt-2011 8:35:47 org.apache.catalina.startup.HostConfig deployDirectory
INFO: Deploying web application directory docs
30-mrt-2011 8:35:47 org.apache.catalina.startup.HostConfig deployDirectory
INFO: Deploying web application directory examples
30-mrt-2011 8:35:49 org.apache.catalina.startup.HostConfig deployDirectory
INFO: Deploying web application directory host-manager
30-mrt-2011 8:35:50 org.apache.catalina.startup.HostConfig deployDirectory
INFO: Deploying web application directory manager
30-mrt-2011 8:35:50 org.apache.catalina.startup.HostConfig deployDirectory
INFO: Deploying web application directory ROOT
30-mrt-2011 8:35:50 org.apache.coyote.AbstractProtocolHandler start
INFO: Starting ProtocolHandler ["http-bio-80"]
30-mrt-2011 8:35:50 org.apache.coyote.AbstractProtocolHandler start
INFO: Starting ProtocolHandler ["ajp-bio-8009"]
30-mrt-2011 8:35:50 org.apache.catalina.startup.Catalina start
INFO: Server startup in 49517 ms
30-mrt-2011 8:40:03 org.apache.catalina.core.StandardServer await
INFO: A valid shutdown command was received via the shutdown port. Stopping the Server instance.
30-mrt-2011 8:40:03 org.apache.coyote.AbstractProtocolHandler pause
INFO: Pausing ProtocolHandler ["http-bio-80"]
30-mrt-2011 8:40:04 org.apache.coyote.AbstractProtocolHandler pause
INFO: Pausing ProtocolHandler ["ajp-bio-8009"]
30-mrt-2011 8:40:05 org.apache.catalina.core.StandardService stopInternal
INFO: Stopping service Catalina
30-mrt-2011 8:40:07 org.apache.catalina.loader.WebappClassLoader clearReferencesJdbc
SEVERE: The web application [/SGWebsite] registered the JDBC driver [com.mysql.jdbc.Driver] but failed to unregister it when the web application was stopped. To prevent a memory leak, the JDBC Driver has been forcibly unregistered.
30-mrt-2011 8:40:07 org.apache.catalina.loader.WebappClassLoader clearReferencesThreads
SEVERE: The web application [/SGWebsite] appears to have started a thread named [Thread-9] but has failed to stop it. This is very likely to create a memory leak.
30-mrt-2011 8:40:07 org.apache.coyote.AbstractProtocolHandler stop
INFO: Stopping ProtocolHandler ["http-bio-80"]
30-mrt-2011 8:40:07 org.apache.coyote.AbstractProtocolHandler stop
INFO: Stopping ProtocolHandler ["ajp-bio-8009"]
