This is pdfTeX, Version 3.1415926-1.40.10 (MiKTeX 2.8) (preloaded format=pdflatex 2010.10.8)  4 MAY 2011 14:39
entering extended mode
**C:/SVN/documenten/spmp/spmp.tex
(C:/SVN/documenten/spmp/spmp.tex
LaTeX2e <2009/09/24>
Babel <v3.8l> and hyphenation patterns for english, dumylang, nohyphenation, ge
rman, ngerman, german-x-2009-06-19, ngerman-x-2009-06-19, french, loaded.
("C:\Program Files (x86)\MiKTeX 2.8\tex\latex\base\article.cls"
Document Class: article 2007/10/19 v1.4h Standard LaTeX document class
("C:\Program Files (x86)\MiKTeX 2.8\tex\latex\base\size10.clo"
File: size10.clo 2007/10/19 v1.4h Standard LaTeX file (size option)
)
\c@part=\count79
\c@section=\count80
\c@subsection=\count81
\c@subsubsection=\count82
\c@paragraph=\count83
\c@subparagraph=\count84
\c@figure=\count85
\c@table=\count86
\abovecaptionskip=\skip41
\belowcaptionskip=\skip42
\bibindent=\dimen102
)
("C:\Program Files (x86)\MiKTeX 2.8\tex\generic\babel\babel.sty"
Package: babel 2008/07/06 v3.8l The Babel package

*************************************
* Local config file bblopts.cfg used
*
("C:\Program Files (x86)\MiKTeX 2.8\tex\latex\00miktex\bblopts.cfg"
File: bblopts.cfg 2006/07/31 v1.0 MiKTeX 'babel' configuration
)
("C:\Program Files (x86)\MiKTeX 2.8\tex\generic\babel\dutch.ldf"
Language: dutch 2005/03/30 v3.8i Dutch support from the babel system

("C:\Program Files (x86)\MiKTeX 2.8\tex\generic\babel\babel.def"
File: babel.def 2008/07/06 v3.8l Babel common definitions
\babel@savecnt=\count87
\U@D=\dimen103
)

Package babel Warning: No hyphenation patterns were loaded for
(babel)                the language `Dutch'
(babel)                I will use the patterns loaded for \language=0 instead.

\l@dutch = a dialect from \language0
Package babel Info: Making " an active character on input line 132.
)) ("C:\Program Files (x86)\MiKTeX 2.8\tex\latex\eurosym\eurosym.sty"
Package: eurosym 1998/08/06 v1.1 European currency symbol ``Euro''
\@eurobox=\box26
)
("C:\Program Files (x86)\MiKTeX 2.8\tex\latex\graphics\graphicx.sty"
Package: graphicx 1999/02/16 v1.0f Enhanced LaTeX Graphics (DPC,SPQR)

("C:\Program Files (x86)\MiKTeX 2.8\tex\latex\graphics\keyval.sty"
Package: keyval 1999/03/16 v1.13 key=value parser (DPC)
\KV@toks@=\toks14
)
("C:\Program Files (x86)\MiKTeX 2.8\tex\latex\graphics\graphics.sty"
Package: graphics 2009/02/05 v1.0o Standard LaTeX Graphics (DPC,SPQR)

("C:\Program Files (x86)\MiKTeX 2.8\tex\latex\graphics\trig.sty"
Package: trig 1999/03/16 v1.09 sin cos tan (DPC)
)
("C:\Program Files (x86)\MiKTeX 2.8\tex\latex\00miktex\graphics.cfg"
File: graphics.cfg 2007/01/18 v1.5 graphics configuration of teTeX/TeXLive
)
Package graphics Info: Driver file: pdftex.def on input line 91.

("C:\Program Files (x86)\MiKTeX 2.8\tex\latex\pdftex-def\pdftex.def"
File: pdftex.def 2010/09/14 v0.05b Graphics/color for pdfTeX
\Gread@gobject=\count88
))
\Gin@req@height=\dimen104
\Gin@req@width=\dimen105
)
("C:\Program Files (x86)\MiKTeX 2.8\tex\latex\eepic\epic.sty"
Enhancements to Picture Environment. Version 1.2 - Released June 1, 1986
\@@multicnt=\count89
\d@lta=\count90
\@delta=\dimen106
\@@delta=\dimen107
\@gridcnt=\count91
\@joinkind=\count92
\@dotgap=\dimen108
\@ddotgap=\dimen109
\@x@diff=\count93
\@y@diff=\count94
\x@diff=\dimen110
\y@diff=\dimen111
\@dotbox=\box27
\num@segments=\count95
\num@segmentsi=\count96
\@datafile=\read1
) ("C:\Program Files (x86)\MiKTeX 2.8\tex\latex\eepic\eepic.sty"
Extension to Epic and LaTeX. Version 1.1e - Released Dec 21, 1999
\@gphlinewidth=\count97
\@eepictcnt=\count98
\@tempdimc=\dimen112
\maxovaldiam=\dimen113
\@filltype=\box28
) ("C:\Program Files (x86)\MiKTeX 2.8\tex\latex\mh\mathtools.sty"
Package: mathtools 2010/07/21 v1.08b mathematical typesetting tools (MH)

("C:\Program Files (x86)\MiKTeX 2.8\tex\latex\tools\calc.sty"
Package: calc 2007/08/22 v4.3 Infix arithmetic (KKT,FJ)
\calc@Acount=\count99
\calc@Bcount=\count100
\calc@Adimen=\dimen114
\calc@Bdimen=\dimen115
\calc@Askip=\skip43
\calc@Bskip=\skip44
LaTeX Info: Redefining \setlength on input line 76.
LaTeX Info: Redefining \addtolength on input line 77.
\calc@Ccount=\count101
\calc@Cskip=\skip45
)
("C:\Program Files (x86)\MiKTeX 2.8\tex\latex\mh\mhsetup.sty"
Package: mhsetup 2010/01/21 v1.2a programming setup (MH)
)
("C:\Program Files (x86)\MiKTeX 2.8\tex\latex\ams\math\amsmath.sty"
Package: amsmath 2000/07/18 v2.13 AMS math features
\@mathmargin=\skip46

For additional information on amsmath, use the `?' option.
("C:\Program Files (x86)\MiKTeX 2.8\tex\latex\ams\math\amstext.sty"
Package: amstext 2000/06/29 v2.01

("C:\Program Files (x86)\MiKTeX 2.8\tex\latex\ams\math\amsgen.sty"
File: amsgen.sty 1999/11/30 v2.0
\@emptytoks=\toks15
\ex@=\dimen116
))
("C:\Program Files (x86)\MiKTeX 2.8\tex\latex\ams\math\amsbsy.sty"
Package: amsbsy 1999/11/29 v1.2d
\pmbraise@=\dimen117
)
("C:\Program Files (x86)\MiKTeX 2.8\tex\latex\ams\math\amsopn.sty"
Package: amsopn 1999/12/14 v2.01 operator names
)
\inf@bad=\count102
LaTeX Info: Redefining \frac on input line 211.
\uproot@=\count103
\leftroot@=\count104
LaTeX Info: Redefining \overline on input line 307.
\classnum@=\count105
\DOTSCASE@=\count106
LaTeX Info: Redefining \ldots on input line 379.
LaTeX Info: Redefining \dots on input line 382.
LaTeX Info: Redefining \cdots on input line 467.
\Mathstrutbox@=\box29
\strutbox@=\box30
\big@size=\dimen118
LaTeX Font Info:    Redeclaring font encoding OML on input line 567.
LaTeX Font Info:    Redeclaring font encoding OMS on input line 568.
\macc@depth=\count107
\c@MaxMatrixCols=\count108
\dotsspace@=\muskip10
\c@parentequation=\count109
\dspbrk@lvl=\count110
\tag@help=\toks16
\row@=\count111
\column@=\count112
\maxfields@=\count113
\andhelp@=\toks17
\eqnshift@=\dimen119
\alignsep@=\dimen120
\tagshift@=\dimen121
\tagwidth@=\dimen122
\totwidth@=\dimen123
\lineht@=\dimen124
\@envbody=\toks18
\multlinegap=\skip47
\multlinetaggap=\skip48
\mathdisplay@stack=\toks19
LaTeX Info: Redefining \[ on input line 2666.
LaTeX Info: Redefining \] on input line 2667.
)
\g_MT_multlinerow_int=\count114
\l_MT_multwidth_dim=\dimen125
)
("C:\Program Files (x86)\MiKTeX 2.8\tex\latex\hyperref\hyperref.sty"
Package: hyperref 2010/09/17 v6.81q Hypertext links for LaTeX

("C:\Program Files (x86)\MiKTeX 2.8\tex\generic\oberdiek\ltxcmds.sty"
Package: ltxcmds 2010/04/26 v1.7 LaTeX kernel commands for general use (HO)
)
("C:\Program Files (x86)\MiKTeX 2.8\tex\generic\oberdiek\infwarerr.sty"
Package: infwarerr 2010/04/08 v1.3 Providing info/warning/message (HO)
)
("C:\Program Files (x86)\MiKTeX 2.8\tex\generic\oberdiek\kvsetkeys.sty"
Package: kvsetkeys 2010/03/01 v1.9 Key value parser (HO)

("C:\Program Files (x86)\MiKTeX 2.8\tex\generic\oberdiek\etexcmds.sty"
Package: etexcmds 2010/01/28 v1.3 Prefix for e-TeX command names (HO)
Package etexcmds Info: Could not find \expanded.
(etexcmds)             That can mean that you are not using pdfTeX 1.50 or
(etexcmds)             that some package has redefined \expanded.
(etexcmds)             In the latter case, load this package earlier.
))
("C:\Program Files (x86)\MiKTeX 2.8\tex\generic\oberdiek\pdfescape.sty"
Package: pdfescape 2010/03/01 v1.9 Provides hex, PDF name and string conversion
s (HO)

("C:\Program Files (x86)\MiKTeX 2.8\tex\generic\oberdiek\pdftexcmds.sty"
Package: pdftexcmds 2010/04/01 v0.9 Utility functions of pdfTeX for LuaTeX (HO)


("C:\Program Files (x86)\MiKTeX 2.8\tex\generic\oberdiek\ifluatex.sty"
Package: ifluatex 2010/03/01 v1.3 Provides the ifluatex switch (HO)
Package ifluatex Info: LuaTeX not detected.
)
Package pdftexcmds Info: LuaTeX not detected.
Package pdftexcmds Info: \pdf@primitive is available.
Package pdftexcmds Info: \pdf@ifprimitive is available.
))
("C:\Program Files (x86)\MiKTeX 2.8\tex\generic\oberdiek\ifpdf.sty"
Package: ifpdf 2010/01/28 v2.1 Provides the ifpdf switch (HO)
Package ifpdf Info: pdfTeX in pdf mode detected.
)
("C:\Program Files (x86)\MiKTeX 2.8\tex\generic\oberdiek\ifvtex.sty"
Package: ifvtex 2010/03/01 v1.5 Switches for detecting VTeX and its modes (HO)
Package ifvtex Info: VTeX not detected.
)
("C:\Program Files (x86)\MiKTeX 2.8\tex\generic\ifxetex\ifxetex.sty"
Package: ifxetex 2010/09/12 v0.6 Provides ifxetex conditional
)
("C:\Program Files (x86)\MiKTeX 2.8\tex\latex\oberdiek\hycolor.sty"
Package: hycolor 2009/12/12 v1.6 Color options of hyperref/bookmark (HO)

("C:\Program Files (x86)\MiKTeX 2.8\tex\latex\oberdiek\xcolor-patch.sty"
Package: xcolor-patch 2009/12/12 xcolor patch
))
("C:\Program Files (x86)\MiKTeX 2.8\tex\latex\oberdiek\letltxmacro.sty"
Package: letltxmacro 2008/06/24 v1.3 Let assignment for LaTeX macros (HO)
)
("C:\Program Files (x86)\MiKTeX 2.8\tex\latex\oberdiek\kvoptions.sty"
Package: kvoptions 2010/02/22 v3.7 Keyval support for LaTeX options (HO)
)
\@linkdim=\dimen126
\Hy@linkcounter=\count115
\Hy@pagecounter=\count116

("C:\Program Files (x86)\MiKTeX 2.8\tex\latex\hyperref\pd1enc.def"
File: pd1enc.def 2010/09/17 v6.81q Hyperref: PDFDocEncoding definition (HO)
)
("C:\Program Files (x86)\MiKTeX 2.8\tex\generic\oberdiek\intcalc.sty"
Package: intcalc 2007/09/27 v1.1 Expandable integer calculations (HO)
)
\Hy@SavedSpaceFactor=\count117

("C:\Program Files (x86)\MiKTeX 2.8\tex\latex\00miktex\hyperref.cfg"
File: hyperref.cfg 2002/06/06 v1.2 hyperref configuration of TeXLive
)
Package hyperref Info: Hyper figures OFF on input line 3902.
Package hyperref Info: Link nesting OFF on input line 3907.
Package hyperref Info: Hyper index ON on input line 3910.
Package hyperref Info: Plain pages OFF on input line 3917.
Package hyperref Info: Backreferencing OFF on input line 3922.
Package hyperref Info: Implicit mode ON; LaTeX internals redefined.
Package hyperref Info: Bookmarks ON on input line 4132.
\c@Hy@tempcnt=\count118

("C:\Program Files (x86)\MiKTeX 2.8\tex\latex\ltxmisc\url.sty"
\Urlmuskip=\muskip11
Package: url 2006/04/12  ver 3.3  Verb mode for urls, etc.
)
LaTeX Info: Redefining \url on input line 4487.

("C:\Program Files (x86)\MiKTeX 2.8\tex\generic\oberdiek\bitset.sty"
Package: bitset 2007/09/28 v1.0 Data type bit set (HO)

("C:\Program Files (x86)\MiKTeX 2.8\tex\generic\oberdiek\bigintcalc.sty"
Package: bigintcalc 2007/11/11 v1.1 Expandable big integer calculations (HO)
))
\Fld@menulength=\count119
\Field@Width=\dimen127
\Fld@charsize=\dimen128
Package hyperref Info: Hyper figures OFF on input line 5526.
Package hyperref Info: Link nesting OFF on input line 5531.
Package hyperref Info: Hyper index ON on input line 5534.
Package hyperref Info: backreferencing OFF on input line 5541.
Package hyperref Info: Link coloring OFF on input line 5546.
Package hyperref Info: Link coloring with OCG OFF on input line 5551.
Package hyperref Info: PDF/A mode OFF on input line 5556.
LaTeX Info: Redefining \ref on input line 5596.
LaTeX Info: Redefining \pageref on input line 5600.

("C:\Program Files (x86)\MiKTeX 2.8\tex\generic\oberdiek\atbegshi.sty"
Package: atbegshi 2010/03/25 v1.12 At begin shipout hook (HO)
)
\Hy@abspage=\count120
\c@Item=\count121
\c@Hfootnote=\count122
)

Package hyperref Message: Driver (autodetected): hpdftex.

("C:\Program Files (x86)\MiKTeX 2.8\tex\latex\hyperref\hpdftex.def"
File: hpdftex.def 2010/09/17 v6.81q Hyperref driver for pdfTeX

("C:\Program Files (x86)\MiKTeX 2.8\tex\latex\oberdiek\atveryend.sty"
Package: atveryend 2010/03/24 v1.5 Hooks at very end of document (HO)
Package atveryend Info: \enddocument detected (standard).
)
\Fld@listcount=\count123
\c@bookmark@seq@number=\count124

("C:\Program Files (x86)\MiKTeX 2.8\tex\latex\oberdiek\rerunfilecheck.sty"
Package: rerunfilecheck 2010/03/16 v1.6 Rerun checks for auxiliary files (HO)

("C:\Program Files (x86)\MiKTeX 2.8\tex\generic\oberdiek\uniquecounter.sty"
Package: uniquecounter 2009/12/18 v1.1 Provides unlimited unique counter (HO)
)
Package uniquecounter Info: New unique counter `rerunfilecheck' on input line 2
71.
)
\Hy@SectionHShift=\skip49
)
("C:\Program Files (x86)\MiKTeX 2.8\tex\latex\caption\caption.sty"
Package: caption 2010/01/09 v3.1m Customizing captions (AR)

("C:\Program Files (x86)\MiKTeX 2.8\tex\latex\caption\caption3.sty"
Package: caption3 2010/01/14 v3.1m caption3 kernel (AR)
\captionmargin=\dimen129
\captionmargin@=\dimen130
\captionwidth=\dimen131
\caption@indent=\dimen132
\caption@parindent=\dimen133
\caption@hangindent=\dimen134
)
\c@ContinuedFloat=\count125
Package caption Info: hyperref package is loaded.
)
("C:\Program Files (x86)\MiKTeX 2.8\tex\latex\arydshln\arydshln.sty"
Package: arydshln 2004/08/31 v1.71 
\dashlinedash=\dimen135
\dashlinegap=\dimen136
\adl@box=\box31
\adl@height=\dimen137
\adl@heightsave=\dimen138
\adl@depth=\dimen139
\adl@depthsave=\dimen140
\adl@finaldepth=\dimen141
\adl@columns=\count126
\adl@ncol=\count127
\adl@currentcolumn=\count128
\adl@currentcolumnsave=\count129
\adl@totalheight=\count130
\adl@totalheightsave=\count131
\adl@dash=\count132
\adl@gap=\count133
\adl@cla=\count134
\adl@clb=\count135
\adl@everyvbox=\toks20
\adl@LTpagetotal=\dimen142
)
("C:\Program Files (x86)\MiKTeX 2.8\tex\latex\base\textcomp.sty"
Package: textcomp 2005/09/27 v1.99g Standard LaTeX package
Package textcomp Info: Sub-encoding information:
(textcomp)               5 = only ISO-Adobe without \textcurrency
(textcomp)               4 = 5 + \texteuro
(textcomp)               3 = 4 + \textohm
(textcomp)               2 = 3 + \textestimated + \textcurrency
(textcomp)               1 = TS1 - \textcircled - \t
(textcomp)               0 = TS1 (full)
(textcomp)             Font families with sub-encoding setting implement
(textcomp)             only a restricted character set as indicated.
(textcomp)             Family '?' is the default used for unknown fonts.
(textcomp)             See the documentation for details.
Package textcomp Info: Setting ? sub-encoding to TS1/1 on input line 71.

("C:\Program Files (x86)\MiKTeX 2.8\tex\latex\base\ts1enc.def"
File: ts1enc.def 2001/06/05 v3.0e (jk/car/fm) Standard LaTeX file
)
LaTeX Info: Redefining \oldstylenums on input line 266.
Package textcomp Info: Setting cmr sub-encoding to TS1/0 on input line 281.
Package textcomp Info: Setting cmss sub-encoding to TS1/0 on input line 282.
Package textcomp Info: Setting cmtt sub-encoding to TS1/0 on input line 283.
Package textcomp Info: Setting cmvtt sub-encoding to TS1/0 on input line 284.
Package textcomp Info: Setting cmbr sub-encoding to TS1/0 on input line 285.
Package textcomp Info: Setting cmtl sub-encoding to TS1/0 on input line 286.
Package textcomp Info: Setting ccr sub-encoding to TS1/0 on input line 287.
Package textcomp Info: Setting ptm sub-encoding to TS1/4 on input line 288.
Package textcomp Info: Setting pcr sub-encoding to TS1/4 on input line 289.
Package textcomp Info: Setting phv sub-encoding to TS1/4 on input line 290.
Package textcomp Info: Setting ppl sub-encoding to TS1/3 on input line 291.
Package textcomp Info: Setting pag sub-encoding to TS1/4 on input line 292.
Package textcomp Info: Setting pbk sub-encoding to TS1/4 on input line 293.
Package textcomp Info: Setting pnc sub-encoding to TS1/4 on input line 294.
Package textcomp Info: Setting pzc sub-encoding to TS1/4 on input line 295.
Package textcomp Info: Setting bch sub-encoding to TS1/4 on input line 296.
Package textcomp Info: Setting put sub-encoding to TS1/5 on input line 297.
Package textcomp Info: Setting uag sub-encoding to TS1/5 on input line 298.
Package textcomp Info: Setting ugq sub-encoding to TS1/5 on input line 299.
Package textcomp Info: Setting ul8 sub-encoding to TS1/4 on input line 300.
Package textcomp Info: Setting ul9 sub-encoding to TS1/4 on input line 301.
Package textcomp Info: Setting augie sub-encoding to TS1/5 on input line 302.
Package textcomp Info: Setting dayrom sub-encoding to TS1/3 on input line 303.
Package textcomp Info: Setting dayroms sub-encoding to TS1/3 on input line 304.

Package textcomp Info: Setting pxr sub-encoding to TS1/0 on input line 305.
Package textcomp Info: Setting pxss sub-encoding to TS1/0 on input line 306.
Package textcomp Info: Setting pxtt sub-encoding to TS1/0 on input line 307.
Package textcomp Info: Setting txr sub-encoding to TS1/0 on input line 308.
Package textcomp Info: Setting txss sub-encoding to TS1/0 on input line 309.
Package textcomp Info: Setting txtt sub-encoding to TS1/0 on input line 310.
Package textcomp Info: Setting futs sub-encoding to TS1/4 on input line 311.
Package textcomp Info: Setting futx sub-encoding to TS1/4 on input line 312.
Package textcomp Info: Setting futj sub-encoding to TS1/4 on input line 313.
Package textcomp Info: Setting hlh sub-encoding to TS1/3 on input line 314.
Package textcomp Info: Setting hls sub-encoding to TS1/3 on input line 315.
Package textcomp Info: Setting hlst sub-encoding to TS1/3 on input line 316.
Package textcomp Info: Setting hlct sub-encoding to TS1/5 on input line 317.
Package textcomp Info: Setting hlx sub-encoding to TS1/5 on input line 318.
Package textcomp Info: Setting hlce sub-encoding to TS1/5 on input line 319.
Package textcomp Info: Setting hlcn sub-encoding to TS1/5 on input line 320.
Package textcomp Info: Setting hlcw sub-encoding to TS1/5 on input line 321.
Package textcomp Info: Setting hlcf sub-encoding to TS1/5 on input line 322.
Package textcomp Info: Setting pplx sub-encoding to TS1/3 on input line 323.
Package textcomp Info: Setting pplj sub-encoding to TS1/3 on input line 324.
Package textcomp Info: Setting ptmx sub-encoding to TS1/4 on input line 325.
Package textcomp Info: Setting ptmj sub-encoding to TS1/4 on input line 326.
)
(C:\SVN\documenten\spmp\spmp.aux)
Runaway argument?
{\contentsline { 
! File ended while scanning use of \@writefile.
<inserted text> 
                \par 
l.31 \begin{document}
                     
I suspect you have forgotten a `}', causing me
to read past where you wanted me to stop.
I'll try to recover; but if the error is serious,
you'd better type `E' or `X' now and fix your file.

LaTeX Font Info:    Checking defaults for OML/cmm/m/it on input line 31.
LaTeX Font Info:    ... okay on input line 31.
LaTeX Font Info:    Checking defaults for T1/cmr/m/n on input line 31.
LaTeX Font Info:    ... okay on input line 31.
LaTeX Font Info:    Checking defaults for OT1/cmr/m/n on input line 31.
LaTeX Font Info:    ... okay on input line 31.
LaTeX Font Info:    Checking defaults for OMS/cmsy/m/n on input line 31.
LaTeX Font Info:    ... okay on input line 31.
LaTeX Font Info:    Checking defaults for OMX/cmex/m/n on input line 31.
LaTeX Font Info:    ... okay on input line 31.
LaTeX Font Info:    Checking defaults for U/cmr/m/n on input line 31.
LaTeX Font Info:    ... okay on input line 31.
LaTeX Font Info:    Checking defaults for PD1/pdf/m/n on input line 31.
LaTeX Font Info:    ... okay on input line 31.
LaTeX Font Info:    Checking defaults for TS1/cmr/m/n on input line 31.
LaTeX Font Info:    Try loading font information for TS1+cmr on input line 31.
("C:\Program Files (x86)\MiKTeX 2.8\tex\latex\base\ts1cmr.fd"
File: ts1cmr.fd 1999/05/25 v2.5h Standard LaTeX font definitions
)
LaTeX Font Info:    ... okay on input line 31.

("C:\Program Files (x86)\MiKTeX 2.8\tex\context\base\supp-pdf.mkii"
[Loading MPS to PDF converter (version 2006.09.02).]
\scratchcounter=\count136
\scratchdimen=\dimen143
\scratchbox=\box32
\nofMPsegments=\count137
\nofMParguments=\count138
\everyMPshowfont=\toks21
\MPscratchCnt=\count139
\MPscratchDim=\dimen144
\MPnumerator=\count140
\everyMPtoPDFconversion=\toks22
)
\AtBeginShipoutBox=\box33
Package hyperref Info: Link coloring OFF on input line 31.
 ("C:\Program Files (x86)\MiKTeX 2.8\tex\latex\hyperref\nameref.sty"
Package: nameref 2010/04/30 v2.40 Cross-referencing by name of section

("C:\Program Files (x86)\MiKTeX 2.8\tex\latex\oberdiek\refcount.sty"
Package: refcount 2008/08/11 v3.1 Data extraction from references (HO)
)
("C:\Program Files (x86)\MiKTeX 2.8\tex\generic\oberdiek\gettitlestring.sty"
Package: gettitlestring 2009/12/18 v1.3 Cleanup title references (HO)
)
\c@section@level=\count141
)
LaTeX Info: Redefining \ref on input line 31.
LaTeX Info: Redefining \pageref on input line 31.
LaTeX Info: Redefining \nameref on input line 31.

(C:\SVN\documenten\spmp\spmp.out) (C:\SVN\documenten\spmp\spmp.out)
\@outlinefile=\write3
Package caption Info: Begin \AtBeginDocument code.
Package caption Info: End \AtBeginDocument code.
 [1

{C:/ProgramData/MiKTeX/2.8/pdftex/config/pdftex.map}] [2]
(C:\SVN\documenten\spmp\spmp.toc)
\tf@toc=\write4
 [3]
Underfull \hbox (badness 10000) in paragraph at lines 91--92

 []


Underfull \hbox (badness 10000) in paragraph at lines 104--106

 []


Overfull \hbox (16.5841pt too wide) in paragraph at lines 142--145
\OT1/cmr/m/n/10 naar is te vin-den op onze web-site(http://student.vub.ac.be/ a
cooman/SE/SE.html).
 []

[4] [5] [6]
Underfull \hbox (badness 10000) in paragraph at lines 247--248

 []


Underfull \hbox (badness 10000) in paragraph at lines 248--249

 []


Underfull \hbox (badness 10000) in paragraph at lines 249--250

 []


Underfull \hbox (badness 10000) in paragraph at lines 250--251

 []


Underfull \hbox (badness 10000) in paragraph at lines 251--252

 []

[7]
Overfull \hbox (6.8616pt too wide) in paragraph at lines 264--266
[]\OT1/cmr/m/n/10 Tijdens meet-ings waarop alle leden aan-wezig zijn, wor-den p
er-so-nen toegewezen
 []


Underfull \hbox (badness 10000) in paragraph at lines 292--293

 []


Underfull \hbox (badness 10000) in paragraph at lines 297--298

 []

[8]

! LaTeX Error: Something's wrong--perhaps a missing \item.

See the LaTeX manual or LaTeX Companion for explanation.
Type  H <return>  for immediate help.
 ...                                              
                                                  
l.321 	\begin{itemize}
                      
Try typing  <return>  to proceed.
If that doesn't work, type  X <return>  to quit.

[9]
Underfull \hbox (badness 10000) in paragraph at lines 342--343

 []


Overfull \hbox (37.00003pt too wide) in paragraph at lines 354--359
[][] 
 []


Overfull \hbox (37.00003pt too wide) in paragraph at lines 369--374
[][] 
 []

[10]
Overfull \hbox (37.00003pt too wide) in paragraph at lines 389--399
[][] 
 []


Overfull \hbox (37.00003pt too wide) in paragraph at lines 411--419
[][] 
 []

[11]
Overfull \hbox (37.00003pt too wide) in paragraph at lines 429--434
[][] 
 []

[12]
Underfull \hbox (badness 10000) in paragraph at lines 468--469

 []


Overfull \hbox (6.82574pt too wide) in paragraph at lines 471--482
 [] 
 []


Underfull \hbox (badness 10000) in paragraph at lines 484--485

 []

[13]
Overfull \hbox (6.82574pt too wide) in paragraph at lines 487--497
 [] 
 []


Underfull \hbox (badness 10000) in paragraph at lines 499--500

 []


Overfull \hbox (6.82574pt too wide) in paragraph at lines 502--511
 [] 
 []


Overfull \hbox (6.82574pt too wide) in paragraph at lines 514--530
 [] 
 []


Underfull \hbox (badness 10000) in paragraph at lines 532--533

 []


Underfull \hbox (badness 2035) in paragraph at lines 542--543
[]\OT1/cmr/m/n/10 ZJEF: Database in-ter-face afgew-erkt, pre-sen-tatie over
 []


Overfull \hbox (6.82574pt too wide) in paragraph at lines 536--550
 [] 
 []

[14]
Underfull \hbox (badness 10000) in paragraph at lines 552--553

 []


Overfull \hbox (6.82574pt too wide) in paragraph at lines 555--560
 [] 
 []


Overfull \hbox (6.82574pt too wide) in paragraph at lines 563--579
 [] 
 []


Underfull \hbox (badness 10000) in paragraph at lines 581--582

 []


Overfull \hbox (6.82574pt too wide) in paragraph at lines 584--594
 [] 
 []


Overfull \hbox (6.82574pt too wide) in paragraph at lines 597--605
 [] 
 []

[15]
Overfull \hbox (6.82574pt too wide) in paragraph at lines 608--616
 [] 
 []


Overfull \hbox (6.82574pt too wide) in paragraph at lines 619--628
 [] 
 []


Overfull \hbox (6.82574pt too wide) in paragraph at lines 631--650
 [] 
 []


Overfull \hbox (6.82574pt too wide) in paragraph at lines 653--658
 [] 
 []


Overfull \hbox (6.82574pt too wide) in paragraph at lines 661--667
 [] 
 []


Overfull \hbox (6.82574pt too wide) in paragraph at lines 670--675
 [] 
 []

[16]
Missing character: There is no ï in font cmr10!
Missing character: There is no ï in font cmr10!
 [17] [18]
Underfull \hbox (badness 10000) in paragraph at lines 712--714

 []

[19]
Underfull \hbox (badness 10000) in paragraph at lines 767--768

 []

Missing character: There is no ë in font cmr10!
Missing character: There is no ’ in font cmr10!

Underfull \hbox (badness 10000) in paragraph at lines 769--770

 []


Underfull \hbox (badness 10000) in paragraph at lines 771--772

 []


Underfull \hbox (badness 10000) in paragraph at lines 773--774

 []


Underfull \hbox (badness 10000) in paragraph at lines 785--785
[]\OT1/cmr/m/n/10 VisualParadigma for
 []


Overfull \hbox (18.20667pt too wide) in paragraph at lines 779--788
 [] 
 []

[20]
Underfull \hbox (badness 5563) in paragraph at lines 798--799
[]\OT1/cmr/m/n/10 Visuele in-ter-face voor de MySQL
 []


Overfull \hbox (18.20667pt too wide) in paragraph at lines 792--801
 [] 
 []


Overfull \hbox (11.40799pt too wide) in paragraph at lines 803--804
[]\OT1/cmr/m/n/10 Het project zal wor-den uit-gevo-erd in de pro-gram-meer-taal
 Java. Als werkomgev-
 []


Overfull \hbox (80.83412pt too wide) in paragraph at lines 803--804
\OT1/cmr/m/n/10 Voor meer in-for-matie wordt doorver-wezen naar http://www.java
.com/ en http://www.eclipse.org/.
 []


Underfull \hbox (badness 10000) in paragraph at lines 807--807
[]\OT1/cmr/m/n/10 Java EE De-vel-op-ment
 []


Underfull \hbox (badness 1577) in paragraph at lines 809--810
[]\OT1/cmr/m/n/10 Laat Eclipse toe om met de ge-in-
 []


Underfull \hbox (badness 1009) in paragraph at lines 809--810
\OT1/cmr/m/n/10 stalleerde Tom-cat server te com-mu-
 []


Overfull \hbox (18.20667pt too wide) in paragraph at lines 805--820
 [] 
 []


Overfull \hbox (18.20667pt too wide) in paragraph at lines 826--835
 [] 
 []


Overfull \hbox (48.63057pt too wide) in paragraph at lines 840--852
 [] 
 []

[21]
Underfull \hbox (badness 10000) in paragraph at lines 854--855

 []

[22] [23]
Underfull \hbox (badness 10000) in paragraph at lines 908--915

 []

[24]
Overfull \hbox (1.22287pt too wide) in paragraph at lines 919--921
\OT1/cmr/m/n/10 An ad-min-is-tra-tor, or a pro-gram ad-min-is-tra-tor en-ters d
ata about
 []

[25]
Underfull \hbox (badness 10000) in paragraph at lines 950--953

 []


Underfull \hbox (badness 10000) in paragraph at lines 954--955

 []


Underfull \hbox (badness 10000) in paragraph at lines 956--962

 []


Underfull \hbox (badness 10000) in paragraph at lines 963--965

 []

[26] [27]
Overfull \hbox (2.19496pt too wide) in paragraph at lines 994--999
\OT1/cmr/m/n/10 de bestaande struc-tuur be-vat wel richt-waar-den en ver-schil-
lende ge-bruik-er-sklassen
 []


Underfull \hbox (badness 10000) in paragraph at lines 994--999

 []


Underfull \hbox (badness 10000) in paragraph at lines 1000--1006

 []

[28]
Underfull \hbox (badness 10000) in paragraph at lines 1009--1012

 []

[29]
Underfull \hbox (badness 10000) in paragraph at lines 1039--1042

 []


Underfull \hbox (badness 10000) in paragraph at lines 1048--1049

 []


Underfull \hbox (badness 10000) in paragraph at lines 1054--1059

 []

[30]
Underfull \hbox (badness 10000) in paragraph at lines 1081--1084

 []


Underfull \hbox (badness 10000) in paragraph at lines 1085--1086

 []

[31]
Underfull \hbox (badness 10000) in paragraph at lines 1102--1103

 []


Overfull \hbox (0.11172pt too wide) in paragraph at lines 1109--1110
[]\OT1/cmr/m/n/10 Van al deze noodza-ke-li-jke func-tion-aliteiten wer-den de v
ol-gende vooropgesteld
 []


Underfull \hbox (badness 10000) in paragraph at lines 1120--1123

 []


Overfull \hbox (4.74124pt too wide) in paragraph at lines 1125--1126
[]\OT1/cmr/m/n/10 ALEX: Tom-cat op de server in-stalleren en testen. Ac-count k
lasse definieren.
 []

[32] [33]
Overfull \hbox (4.74124pt too wide) in paragraph at lines 1156--1157
[]\OT1/cmr/m/n/10 ALEX: Tom-cat op de server in-stalleren en testen. Ac-count k
lasse definieren.
 []


Underfull \hbox (badness 10000) in paragraph at lines 1158--1161

 []


Underfull \hbox (badness 10000) in paragraph at lines 1164--1167

 []


Underfull \hbox (badness 10000) in paragraph at lines 1174--1177

 []


Overfull \hbox (1.27737pt too wide) in paragraph at lines 1181--1189
\OT1/cmr/m/n/10 bevat: naam, stu-dent-counter, hour-sWPO, hourHOC need-ed-hard-
ware (per WPO
 []


Underfull \hbox (badness 10000) in paragraph at lines 1181--1189

 []

[34] [35] [36]
Overfull \hbox (4.61177pt too wide) in paragraph at lines 1223--1224
[]\OT1/cmr/m/n/10 Bespreken van de doorgevo-erde ve-ran-derin-gen: Database, Al
-go-ritme, kalen-
 []


Overfull \hbox (3.58394pt too wide) in paragraph at lines 1245--1246
[]\OT1/cmr/m/n/10 Degelijke tijd/locatie/subcourse struc-tuur op-stellen en daa
r-naast een meth-
 []

[37]
Underfull \hbox (badness 10000) in paragraph at lines 1255--1257

 []


Overfull \hbox (12.0pt too wide) in paragraph at lines 1258--1263
 [] 
 []


Overfull \hbox (12.0pt too wide) in paragraph at lines 1264--1269
 [][] 
 []


Overfull \hbox (12.0pt too wide) in paragraph at lines 1270--1279
 [][] 
 []


Overfull \hbox (12.0pt too wide) in paragraph at lines 1280--1284
 [][] 
 []


Overfull \hbox (12.0pt too wide) in paragraph at lines 1285--1290
 [][] 
 []


Overfull \hbox (12.0pt too wide) in paragraph at lines 1291--1298
 [][] 
 []


Overfull \hbox (12.0pt too wide) in paragraph at lines 1299--1306
 [][] 
 []


Overfull \hbox (12.0pt too wide) in paragraph at lines 1307--1312
 [][] 
 []

[38]
Overfull \hbox (12.0pt too wide) in paragraph at lines 1313--1318
 [][] 
 []


Overfull \hbox (12.0pt too wide) in paragraph at lines 1319--1325
 [][] 
 []


Overfull \hbox (12.0pt too wide) in paragraph at lines 1326--1330
 [][] 
 []

[39]
Underfull \hbox (badness 10000) in paragraph at lines 1355--1356

 []

[40]
Underfull \hbox (badness 10000) in paragraph at lines 1406--1408

 []

[41] [42] [43] [44]
! Extra }, or forgotten \endgroup.
\@endpbox ...th \dp \@arstrutbox \fi \par \egroup 
                                                  \adl@colhtdp \box \adl@box...
l.1517   \item
              []Als die nul mogelijkheden bevat, ga een stap omhoog en plaat...
I've deleted a group-closing symbol because it seems to be
spurious, as in `$x}$'. But perhaps the } is legitimate and
you forgot something else, as in `\hbox{$x}'. In such cases
the way to recover is to insert both the forgotten and the
deleted material, e.g., by typing `I$}'.

! Missing \endgroup inserted.
<inserted text> 
                \endgroup 
l.1517   \item
              []Als die nul mogelijkheden bevat, ga een stap omhoog en plaat...
I've inserted something that you may have forgotten.
(See the <inserted text> above.)
With luck, this will get me unwedged. But if you
really didn't forget anything, try typing `2' now; then
my insertion and my current dilemma will both disappear.

! Missing } inserted.
<inserted text> 
                }
l.1517   \item
              []Als die nul mogelijkheden bevat, ga een stap omhoog en plaat...
I've inserted something that you may have forgotten.
(See the <inserted text> above.)
With luck, this will get me unwedged. But if you
really didn't forget anything, try typing `2' now; then
my insertion and my current dilemma will both disappear.


! LaTeX Error: Lonely \item--perhaps a missing list environment.

See the LaTeX manual or LaTeX Companion for explanation.
Type  H <return>  for immediate help.
 ...                                              
                                                  
l.1517   \item[]
                Als die nul mogelijkheden bevat, ga een stap omhoog en plaat...

Try typing  <return>  to proceed.
If that doesn't work, type  X <return>  to quit.


! LaTeX Error: Lonely \item--perhaps a missing list environment.

See the LaTeX manual or LaTeX Companion for explanation.
Type  H <return>  for immediate help.
 ...                                              
                                                  
l.1520   \item[]
                Plaats die subcourse zo dicht mogelijk bij zijn favoriet lok...

Try typing  <return>  to proceed.
If that doesn't work, type  X <return>  to quit.


! LaTeX Error: \begin{tabular} on input line 1493 ended by \end{itemize}.

See the LaTeX manual or LaTeX Companion for explanation.
Type  H <return>  for immediate help.
 ...                                              
                                                  
l.1521 \end{itemize}
                    
Your command was ignored.
Type  I <command> <return>  to replace it with another command,
or  <return>  to continue without it.

! Missing } inserted.
<inserted text> 
                }
l.1521 \end{itemize}
                    
I've inserted something that you may have forgotten.
(See the <inserted text> above.)
With luck, this will get me unwedged. But if you
really didn't forget anything, try typing `2' now; then
my insertion and my current dilemma will both disappear.

! Missing } inserted.
<inserted text> 
                }
l.1521 \end{itemize}
                    
I've inserted something that you may have forgotten.
(See the <inserted text> above.)
With luck, this will get me unwedged. But if you
really didn't forget anything, try typing `2' now; then
my insertion and my current dilemma will both disappear.

! Missing \cr inserted.
<inserted text> 
                \cr 
l.1521 \end{itemize}
                    
I'm guessing that you meant to end an alignment here.

! Missing { inserted.
<inserted text> 
                {
l.1521 \end{itemize}
                    
I've put in what seems to be necessary to fix
the current column of the current alignment.
Try to go on, since this might almost work.

! Missing } inserted.
<inserted text> 
                }
l.1521 \end{itemize}
                    
I've inserted something that you may have forgotten.
(See the <inserted text> above.)
With luck, this will get me unwedged. But if you
really didn't forget anything, try typing `2' now; then
my insertion and my current dilemma will both disappear.

! Missing $ inserted.
<inserted text> 
                $
l.1521 \end{itemize}
                    
I've inserted something that you may have forgotten.
(See the <inserted text> above.)
With luck, this will get me unwedged. But if you
really didn't forget anything, try typing `2' now; then
my insertion and my current dilemma will both disappear.

! Missing } inserted.
<inserted text> 
                }
l.1521 \end{itemize}
                    
I've inserted something that you may have forgotten.
(See the <inserted text> above.)
With luck, this will get me unwedged. But if you
really didn't forget anything, try typing `2' now; then
my insertion and my current dilemma will both disappear.


Overfull \hbox (27.0pt too wide) in paragraph at lines 1493--1523
[][]
 []


Underfull \hbox (badness 10000) in paragraph at lines 1493--1523

 []

! Misplaced \noalign.
\hline ->\noalign 
                  {\ifnum 0=`}\fi \ifadl@zwhrule \vskip -\arrayrulewidth \el...
l.1524 \hline
             
I expect to see \noalign only after the \cr of
an alignment. Proceed, and I'll ignore this case.

! Undefined control sequence.
\adl@rowsL ->(\adl@connect 
                           /26214);(\@elt {1}{0}{0}{\relax }{\relax }/786432...
l.1524 \hline
             
The control sequence at the end of the top line
of your error message was never \def'ed. If you have
misspelled it (e.g., `\hobx'), type `I' and the correct
spelling (e.g., `I\hbox'). Otherwise just continue,
and I'll forget about whatever was undefined.

! Undefined control sequence.
<argument> \adl@connect 
                        
l.1524 \hline
             
The control sequence at the end of the top line
of your error message was never \def'ed. If you have
misspelled it (e.g., `\hobx'), type `I' and the correct
spelling (e.g., `I\hbox'). Otherwise just continue,
and I'll forget about whatever was undefined.

! Undefined control sequence.
\adl@rowsR ->(\adl@connect 
                           /26214);(\@elt {1}{0}{0}{\relax }{\relax }/786432...
l.1524 \hline
             
The control sequence at the end of the top line
of your error message was never \def'ed. If you have
misspelled it (e.g., `\hobx'), type `I' and the correct
spelling (e.g., `I\hbox'). Otherwise just continue,
and I'll forget about whatever was undefined.

! Undefined control sequence.
<argument> \adl@connect 
                        
l.1524 \hline
             
The control sequence at the end of the top line
of your error message was never \def'ed. If you have
misspelled it (e.g., `\hobx'), type `I' and the correct
spelling (e.g., `I\hbox'). Otherwise just continue,
and I'll forget about whatever was undefined.

! Misplaced \crcr.
\adl@endarray ->\crcr 
                      \noalign { \ifdim \adl@height =\z@ \ifdim \adl@depth =...
l